<?xml version="1.0" encoding="UTF-8"?>
<!-- Generated by org.testng.reporters.JUnitReportReporter -->
<testsuite hostname="pc" name="ua.rio.qa.tests.Testt" tests="1" failures="0" timestamp="31 Dec 2013 11:59:32 GMT" time="94.210" errors="0">
  <testcase name="test05" time="94.210" classname="ua.rio.qa.tests.Testt"/>
</testsuite> <!-- ua.rio.qa.tests.Testt -->
