<?xml version="1.0" encoding="UTF-8"?>
<!-- Generated by org.testng.reporters.JUnitReportReporter -->
<testsuite hostname="pc" name="ua.rio.qa.tests.AddComment" tests="1" failures="0" timestamp="27 Dec 2013 08:52:28 GMT" time="18.262" errors="0">
  <testcase name="test05" time="18.262" classname="ua.rio.qa.tests.AddComment"/>
</testsuite> <!-- ua.rio.qa.tests.AddComment -->
